New log file opened at Wed Nov 30 14:04:14 CET 2016 by 1672@DESKTOP-TRU0EPK
Taking next connection to: 51906
New client attempting to connect on port: 51907-51906
  Address = /127.0.0.1:51906
This client on port 51907 has uuid f5ee1000-51fc-4c17-afb3-5e8c2b8b8677 configName activator humanReadableName Activator protocolVersion 3 featureTags Vector()
Connected Clients: activator-f5ee1000-51fc-4c17-afb3-5e8c2b8b8677
Taking next connection to: 51906
Checking to see if clients are empty...
We have 1 non-daemon clients, continuing serving connections.
Taking next connection to: 51906
New client attempting to connect on port: 51980-51906
  Address = /192.168.2.114:51906
Handshake exception on socket: 51980
sbt.impl.ipc.HandshakeException: Unable to perform handshake
	at sbt.impl.ipc.Peer.handshake(IPC.scala:46)
	at sbt.impl.ipc.MultiClientServer.<init>(IPC.scala:150)
	at sbt.server.SbtServerSocketHandler$$anon$1.run(SbtServerSocketHandler.scala:43)
Caused by: java.net.SocketException: Software caused connection abort: recv failed
	at java.net.SocketInputStream.socketRead0(Native Method)
	at java.net.SocketInputStream.socketRead(Unknown Source)
	at java.net.SocketInputStream.read(Unknown Source)
	at java.net.SocketInputStream.read(Unknown Source)
	at java.io.BufferedInputStream.fill(Unknown Source)
	at java.io.BufferedInputStream.read(Unknown Source)
	at java.io.DataInputStream.readInt(Unknown Source)
	at sbt.impl.ipc.Peer.receive(IPC.scala:95)
	at sbt.impl.ipc.Peer.handshake(IPC.scala:49)
	... 2 more
Taking next connection to: 51906
New client attempting to connect on port: 51981-51906
  Address = /192.168.2.114:51906
This client on port 51981 has uuid 2f5c91f0-324d-4719-8f80-734fb0a93dcb configName play-fork-run humanReadableName Play Fork Run protocolVersion 1 featureTags Vector()
Connected Clients: activator-f5ee1000-51fc-4c17-afb3-5e8c2b8b8677, play-fork-run-2f5c91f0-324d-4719-8f80-734fb0a93dcb
Taking next connection to: 51906
Checking to see if clients are empty...
We have 1 non-daemon clients, continuing serving connections.
Taking next connection to: 51906
Checking to see if clients are empty...
We have 1 non-daemon clients, continuing serving connections.
Taking next connection to: 51906
Checking to see if clients are empty...
We have 1 non-daemon clients, continuing serving connections.
Taking next connection to: 51906
Checking to see if clients are empty...
No non-daemon clients connected after 3 min. Shutting down.
Server socket thread exiting.
0 clients open, will close them...
All client sockets have been closed.
Closing the 1672@DESKTOP-TRU0EPK logs at Wed Nov 30 14:31:26 CET 2016, goodbye.
